\BOOKMARK [0][-]{chapter.1}{\376\377\000P\000a\000s\000s\000\040\000A\000n\000d\000\040\000T\000r\000a\000n\000s\000f\000o\000r\000m\000s}{}% 1
\BOOKMARK [1][-]{section.1.1}{\376\377\000C\000A\000N\000C\000E\000R\000C\000o\000n\000v\000e\000r\000s\000i\000o\000n\000P\000a\000s\000s\000e\000s}{chapter.1}% 2
\BOOKMARK [2][-]{subsection.1.1.1}{\376\377\000-\000c\000o\000n\000v\000e\000r\000t\000-\000b\000a\000s\000i\000c\000p\000y\000-\000t\000o\000-\000s\000t\000d\000:\000\040\000C\000o\000n\000v\000e\000r\000t\000\040\000r\000e\000p\000r\000e\000s\000e\000n\000t\000a\000b\000l\000e\000\040\000B\000a\000s\000i\000c\000p\000y\000\040\000o\000p\000s\000\040\000t\000o\000\040\000s\000t\000d}{section.1.1}% 3
\BOOKMARK [2][-]{subsection.1.1.2}{\376\377\000-\000c\000o\000n\000v\000e\000r\000t\000-\000n\000u\000m\000p\000y\000-\000t\000o\000-\000t\000c\000f\000:\000\040\000C\000o\000n\000v\000e\000r\000t\000\040\000t\000h\000e\000\040\000n\000u\000m\000p\000y\000\040\000d\000i\000a\000l\000e\000c\000t\000\040\000t\000o\000\040\000s\000u\000p\000p\000o\000r\000t\000e\000d\000\040\000T\000C\000F\000\040\000o\000p\000s}{section.1.1}% 4
\BOOKMARK [2][-]{subsection.1.1.3}{\376\377\000-\000c\000o\000n\000v\000e\000r\000t\000-\000t\000c\000f\000-\000t\000o\000-\000l\000i\000n\000a\000l\000g\000:\000\040\000C\000o\000n\000v\000e\000r\000t\000\040\000T\000C\000F\000\040\000t\000o\000\040\000L\000i\000n\000a\000l\000g}{section.1.1}% 5
\BOOKMARK [1][-]{section.1.2}{\376\377\000R\000e\000f\000B\000a\000c\000k\000e\000n\000d\000P\000a\000s\000s\000e\000s}{chapter.1}% 6
\BOOKMARK [2][-]{subsection.1.2.1}{\376\377\000-\000l\000o\000w\000e\000r\000-\000a\000l\000l\000o\000c\000-\000m\000e\000m\000r\000e\000f\000-\000o\000p\000s\000:\000\040\000L\000o\000w\000e\000r\000\040\000A\000l\000l\000o\000c\000M\000e\000m\000R\000e\000f\000O\000p\040\031\000s}{section.1.2}% 7
\BOOKMARK [2][-]{subsection.1.2.2}{\376\377\000-\000l\000o\000w\000e\000r\000-\000t\000o\000-\000r\000e\000f\000b\000a\000c\000k\000r\000t\000-\000a\000b\000i\000:\000\040\000L\000o\000w\000e\000r\000\040\000c\000o\000n\000s\000t\000r\000u\000c\000t\000s\000\040\000r\000e\000q\000u\000i\000r\000i\000n\000g\000\040\000r\000u\000n\000t\000i\000m\000e\000\040\000s\000u\000p\000p\000o\000r\000t\000\040\000t\000o\000\040\000r\000e\000f\000b\000a\000c\000k\000r\000t}{section.1.2}% 8
\BOOKMARK [3][-]{subsubsection*.3}{\376\377\000O\000p\000t\000i\000o\000n\000s}{subsection.1.2.2}% 9
\BOOKMARK [1][-]{section.1.3}{\376\377\000T\000r\000a\000n\000s\000f\000o\000r\000m\000s}{chapter.1}% 10
\BOOKMARK [2][-]{subsection.1.3.1}{\376\377\000-\000b\000a\000s\000i\000c\000p\000y\000-\000t\000y\000p\000e\000-\000i\000n\000f\000e\000r\000e\000n\000c\000e\000:\000\040\000P\000e\000r\000f\000o\000r\000m\000s\000\040\000f\000u\000n\000c\000t\000i\000o\000n\000\040\000l\000e\000v\000e\000l\000\040\000t\000y\000p\000e\000\040\000i\000n\000f\000e\000r\000e\000n\000c\000e}{section.1.3}% 11
\BOOKMARK [1][-]{section.1.4}{\376\377\000C\000A\000N\000C\000E\000R\000N\000u\000m\000p\000y\000T\000r\000a\000n\000s\000f\000o\000r\000m\000s}{chapter.1}% 12
\BOOKMARK [2][-]{subsection.1.4.1}{\376\377\000-\000n\000u\000m\000p\000y\000-\000a\000r\000r\000a\000y\000-\000t\000o\000-\000t\000e\000n\000s\000o\000r\000:\000\040\000R\000e\000p\000l\000a\000c\000e\000\040\000a\000r\000r\000a\000y\000s\000\040\000w\000i\000t\000h\000\040\000t\000e\000n\000s\000o\000r\000s\000\040\000w\000h\000e\000r\000e\000\040\000p\000o\000s\000s\000i\000b\000l\000e\000\040\000\050\000o\000p\000t\000i\000m\000i\000z\000a\000t\000i\000o\000n\000\040\000o\000n\000l\000y\000\051\000.}{section.1.4}% 13
\BOOKMARK [1][-]{section.1.5}{\376\377\000C\000A\000N\000C\000E\000R\000T\000C\000F\000T\000r\000a\000n\000s\000f\000o\000r\000m\000s}{chapter.1}% 14
\BOOKMARK [2][-]{subsection.1.5.1}{\376\377\000-\000t\000c\000f\000-\000s\000h\000a\000p\000e\000-\000r\000e\000f\000i\000n\000e\000m\000e\000n\000t\000:\000\040\000R\000e\000f\000i\000n\000e\000s\000\040\000s\000h\000a\000p\000e\000s\000\040\000o\000f\000\040\000t\000e\000n\000s\000o\000r\000s}{section.1.5}% 15
\BOOKMARK [1][-]{section.1.6}{\376\377\000C\000A\000N\000C\000E\000R\000T\000C\000P\000T\000r\000a\000n\000s\000f\000o\000r\000m\000s}{chapter.1}% 16
\BOOKMARK [2][-]{subsection.1.6.1}{\376\377\000-\000t\000c\000p\000-\000b\000u\000f\000f\000e\000r\000i\000z\000e\000:\000\040\000B\000u\000f\000f\000e\000r\000i\000z\000e\000s\000\040\000t\000h\000e\000\040\000t\000c\000p\000\040\000d\000i\000a\000l\000e\000c\000t}{section.1.6}% 17
\BOOKMARK [0][-]{chapter.2}{\376\377\000B\000a\000s\000i\000c\000p\000y}{}% 18
\BOOKMARK [1][-]{section.2.1}{\376\377\000B\000a\000s\000i\000c\000p\000y\000D\000i\000a\000l\000e\000c\000t}{chapter.2}% 19
\BOOKMARK [1][-]{section.2.2}{\376\377\000B\000a\000s\000i\000c\000p\000y\000O\000p\000s}{chapter.2}% 20
\BOOKMARK [2][-]{subsection.2.2.1}{\376\377\000b\000a\000s\000i\000c\000p\000y\000.\000a\000s\000\137\000i\0001\000\040\000\050\000:\000:\000m\000l\000i\000r\000:\000:\000C\000A\000N\000C\000E\000R\000:\000:\000B\000a\000s\000i\000c\000p\000y\000:\000:\000A\000s\000I\0001\000O\000p\000\051}{section.2.2}% 21
\BOOKMARK [3][-]{subsubsection*.4}{\376\377\000O\000p\000e\000r\000a\000n\000d\000s\000:}{subsection.2.2.1}% 22
\BOOKMARK [3][-]{subsubsection*.5}{\376\377\000R\000e\000s\000u\000l\000t\000s\000:}{subsection.2.2.1}% 23
\BOOKMARK [2][-]{subsection.2.2.2}{\376\377\000b\000a\000s\000i\000c\000p\000y\000.\000b\000i\000n\000a\000r\000y\000\137\000c\000o\000m\000p\000a\000r\000e\000\040\000\050\000:\000:\000m\000l\000i\000r\000:\000:\000C\000A\000N\000C\000E\000R\000:\000:\000B\000a\000s\000i\000c\000p\000y\000:\000:\000B\000i\000n\000a\000r\000y\000C\000o\000m\000p\000a\000r\000e\000O\000p\000\051}{section.2.2}% 24
\BOOKMARK [3][-]{subsubsection*.6}{\376\377\000A\000t\000t\000r\000i\000b\000u\000t\000e\000s\000:}{subsection.2.2.2}% 25
\BOOKMARK [3][-]{subsubsection*.7}{\376\377\000O\000p\000e\000r\000a\000n\000d\000s\000:}{subsection.2.2.2}% 26
\BOOKMARK [3][-]{subsubsection*.8}{\376\377\000R\000e\000s\000u\000l\000t\000s\000:}{subsection.2.2.2}% 27
\BOOKMARK [2][-]{subsection.2.2.3}{\376\377\000b\000a\000s\000i\000c\000p\000y\000.\000b\000i\000n\000a\000r\000y\000\137\000e\000x\000p\000r\000\040\000\050\000:\000:\000m\000l\000i\000r\000:\000:\000C\000A\000N\000C\000E\000R\000:\000:\000B\000a\000s\000i\000c\000p\000y\000:\000:\000B\000i\000n\000a\000r\000y\000E\000x\000p\000r\000O\000p\000\051}{section.2.2}% 28
\BOOKMARK [3][-]{subsubsection*.9}{\376\377\000A\000t\000t\000r\000i\000b\000u\000t\000e\000s\000:}{subsection.2.2.3}% 29
\BOOKMARK [3][-]{subsubsection*.10}{\376\377\000O\000p\000e\000r\000a\000n\000d\000s\000:}{subsection.2.2.3}% 30
\BOOKMARK [3][-]{subsubsection*.11}{\376\377\000R\000e\000s\000u\000l\000t\000s\000:}{subsection.2.2.3}% 31
\BOOKMARK [2][-]{subsection.2.2.4}{\376\377\000b\000a\000s\000i\000c\000p\000y\000.\000b\000o\000o\000l\000\137\000c\000a\000s\000t\000\040\000\050\000:\000:\000m\000l\000i\000r\000:\000:\000C\000A\000N\000C\000E\000R\000:\000:\000B\000a\000s\000i\000c\000p\000y\000:\000:\000B\000o\000o\000l\000C\000a\000s\000t\000O\000p\000\051}{section.2.2}% 32
\BOOKMARK [3][-]{subsubsection*.12}{\376\377\000O\000p\000e\000r\000a\000n\000d\000s\000:}{subsection.2.2.4}% 33
\BOOKMARK [3][-]{subsubsection*.13}{\376\377\000R\000e\000s\000u\000l\000t\000s\000:}{subsection.2.2.4}% 34
\BOOKMARK [2][-]{subsection.2.2.5}{\376\377\000b\000a\000s\000i\000c\000p\000y\000.\000b\000o\000o\000l\000\137\000c\000o\000n\000s\000t\000a\000n\000t\000\040\000\050\000:\000:\000m\000l\000i\000r\000:\000:\000C\000A\000N\000C\000E\000R\000:\000:\000B\000a\000s\000i\000c\000p\000y\000:\000:\000B\000o\000o\000l\000C\000o\000n\000s\000t\000a\000n\000t\000O\000p\000\051}{section.2.2}% 35
\BOOKMARK [3][-]{subsubsection*.14}{\376\377\000A\000t\000t\000r\000i\000b\000u\000t\000e\000s\000:}{subsection.2.2.5}% 36
\BOOKMARK [3][-]{subsubsection*.15}{\376\377\000R\000e\000s\000u\000l\000t\000s\000:}{subsection.2.2.5}% 37
\BOOKMARK [2][-]{subsection.2.2.6}{\376\377\000b\000a\000s\000i\000c\000p\000y\000.\000b\000u\000i\000l\000d\000\137\000d\000i\000c\000t\000\040\000\050\000:\000:\000m\000l\000i\000r\000:\000:\000C\000A\000N\000C\000E\000R\000:\000:\000B\000a\000s\000i\000c\000p\000y\000:\000:\000B\000u\000i\000l\000d\000D\000i\000c\000t\000O\000p\000\051}{section.2.2}% 38
\BOOKMARK [3][-]{subsubsection*.16}{\376\377\000R\000e\000s\000u\000l\000t\000s\000:}{subsection.2.2.6}% 39
\BOOKMARK [2][-]{subsection.2.2.7}{\376\377\000b\000a\000s\000i\000c\000p\000y\000.\000b\000u\000i\000l\000d\000\137\000l\000i\000s\000t\000\040\000\050\000:\000:\000m\000l\000i\000r\000:\000:\000C\000A\000N\000C\000E\000R\000:\000:\000B\000a\000s\000i\000c\000p\000y\000:\000:\000B\000u\000i\000l\000d\000L\000i\000s\000t\000O\000p\000\051}{section.2.2}% 40
\BOOKMARK [3][-]{subsubsection*.17}{\376\377\000O\000p\000e\000r\000a\000n\000d\000s\000:}{subsection.2.2.7}% 41
\BOOKMARK [3][-]{subsubsection*.18}{\376\377\000R\000e\000s\000u\000l\000t\000s\000:}{subsection.2.2.7}% 42
\BOOKMARK [2][-]{subsection.2.2.8}{\376\377\000b\000a\000s\000i\000c\000p\000y\000.\000b\000u\000i\000l\000d\000\137\000t\000u\000p\000l\000e\000\040\000\050\000:\000:\000m\000l\000i\000r\000:\000:\000C\000A\000N\000C\000E\000R\000:\000:\000B\000a\000s\000i\000c\000p\000y\000:\000:\000B\000u\000i\000l\000d\000T\000u\000p\000l\000e\000O\000p\000\051}{section.2.2}% 43
\BOOKMARK [3][-]{subsubsection*.19}{\376\377\000O\000p\000e\000r\000a\000n\000d\000s\000:}{subsection.2.2.8}% 44
\BOOKMARK [3][-]{subsubsection*.20}{\376\377\000R\000e\000s\000u\000l\000t\000s\000:}{subsection.2.2.8}% 45
\BOOKMARK [2][-]{subsection.2.2.9}{\376\377\000b\000a\000s\000i\000c\000p\000y\000.\000b\000y\000t\000e\000s\000\137\000c\000o\000n\000s\000t\000a\000n\000t\000\040\000\050\000:\000:\000m\000l\000i\000r\000:\000:\000C\000A\000N\000C\000E\000R\000:\000:\000B\000a\000s\000i\000c\000p\000y\000:\000:\000B\000y\000t\000e\000s\000C\000o\000n\000s\000t\000a\000n\000t\000O\000p\000\051}{section.2.2}% 46
\BOOKMARK [3][-]{subsubsection*.21}{\376\377\000A\000t\000t\000r\000i\000b\000u\000t\000e\000s\000:}{subsection.2.2.9}% 47
\BOOKMARK [3][-]{subsubsection*.22}{\376\377\000R\000e\000s\000u\000l\000t\000s\000:}{subsection.2.2.9}% 48
\BOOKMARK [2][-]{subsection.2.2.10}{\376\377\000b\000a\000s\000i\000c\000p\000y\000.\000e\000x\000e\000c\000\137\000d\000i\000s\000c\000a\000r\000d\000\040\000\050\000:\000:\000m\000l\000i\000r\000:\000:\000C\000A\000N\000C\000E\000R\000:\000:\000B\000a\000s\000i\000c\000p\000y\000:\000:\000E\000x\000e\000c\000D\000i\000s\000c\000a\000r\000d\000O\000p\000\051}{section.2.2}% 49
\BOOKMARK [3][-]{subsubsection*.23}{\376\377\000O\000p\000e\000r\000a\000n\000d\000s\000:}{subsection.2.2.10}% 50
\BOOKMARK [2][-]{subsection.2.2.11}{\376\377\000b\000a\000s\000i\000c\000p\000y\000.\000e\000x\000e\000c\000\040\000\050\000:\000:\000m\000l\000i\000r\000:\000:\000C\000A\000N\000C\000E\000R\000:\000:\000B\000a\000s\000i\000c\000p\000y\000:\000:\000E\000x\000e\000c\000O\000p\000\051}{section.2.2}% 51
\BOOKMARK [2][-]{subsection.2.2.12}{\376\377\000b\000a\000s\000i\000c\000p\000y\000.\000f\000u\000n\000c\000\137\000t\000e\000m\000p\000l\000a\000t\000e\000\137\000c\000a\000l\000l\000\040\000\050\000:\000:\000m\000l\000i\000r\000:\000:\000C\000A\000N\000C\000E\000R\000:\000:\000B\000a\000s\000i\000c\000p\000y\000:\000:\000F\000u\000n\000c\000T\000e\000m\000p\000l\000a\000t\000e\000C\000a\000l\000l\000O\000p\000\051}{section.2.2}% 52
\BOOKMARK [3][-]{subsubsection*.24}{\376\377\000A\000t\000t\000r\000i\000b\000u\000t\000e\000s\000:}{subsection.2.2.12}% 53
\BOOKMARK [3][-]{subsubsection*.25}{\376\377\000O\000p\000e\000r\000a\000n\000d\000s\000:}{subsection.2.2.12}% 54
\BOOKMARK [3][-]{subsubsection*.26}{\376\377\000R\000e\000s\000u\000l\000t\000s\000:}{subsection.2.2.12}% 55
\BOOKMARK [2][-]{subsection.2.2.13}{\376\377\000b\000a\000s\000i\000c\000p\000y\000.\000f\000u\000n\000c\000\137\000t\000e\000m\000p\000l\000a\000t\000e\000\040\000\050\000:\000:\000m\000l\000i\000r\000:\000:\000C\000A\000N\000C\000E\000R\000:\000:\000B\000a\000s\000i\000c\000p\000y\000:\000:\000F\000u\000n\000c\000T\000e\000m\000p\000l\000a\000t\000e\000O\000p\000\051}{section.2.2}% 56
\BOOKMARK [2][-]{subsection.2.2.14}{\376\377\000b\000a\000s\000i\000c\000p\000y\000.\000f\000u\000n\000c\000\137\000t\000e\000m\000p\000l\000a\000t\000e\000\137\000t\000e\000r\000m\000i\000n\000a\000t\000o\000r\000\040\000\050\000:\000:\000m\000l\000i\000r\000:\000:\000C\000A\000N\000C\000E\000R\000:\000:\000B\000a\000s\000i\000c\000p\000y\000:\000:\000F\000u\000n\000c\000T\000e\000m\000p\000l\000a\000t\000e\000T\000e\000r\000m\000i\000n\000a\000t\000o\000r\000O\000p\000\051}{section.2.2}% 57
\BOOKMARK [2][-]{subsection.2.2.15}{\376\377\000b\000a\000s\000i\000c\000p\000y\000.\000n\000u\000m\000e\000r\000i\000c\000\137\000c\000o\000n\000s\000t\000a\000n\000t\000\040\000\050\000:\000:\000m\000l\000i\000r\000:\000:\000C\000A\000N\000C\000E\000R\000:\000:\000B\000a\000s\000i\000c\000p\000y\000:\000:\000N\000u\000m\000e\000r\000i\000c\000C\000o\000n\000s\000t\000a\000n\000t\000O\000p\000\051}{section.2.2}% 58
\BOOKMARK [2][-]{subsection.2.2.16}{\376\377\000I\000n\000t\000e\000g\000e\000r\000\040\000S\000i\000g\000n\000e\000d\000n\000e\000s\000s}{section.2.2}% 59
\BOOKMARK [3][-]{subsubsection*.27}{\376\377\000A\000t\000t\000r\000i\000b\000u\000t\000e\000s\000:}{subsection.2.2.16}% 60
\BOOKMARK [3][-]{subsubsection*.28}{\376\377\000R\000e\000s\000u\000l\000t\000s\000:}{subsection.2.2.16}% 61
\BOOKMARK [2][-]{subsection.2.2.17}{\376\377\000b\000a\000s\000i\000c\000p\000y\000.\000s\000i\000n\000g\000l\000e\000t\000o\000n\000\040\000\050\000:\000:\000m\000l\000i\000r\000:\000:\000C\000A\000N\000C\000E\000R\000:\000:\000B\000a\000s\000i\000c\000p\000y\000:\000:\000S\000i\000n\000g\000l\000e\000t\000o\000n\000O\000p\000\051}{section.2.2}% 62
\BOOKMARK [3][-]{subsubsection*.29}{\376\377\000R\000e\000s\000u\000l\000t\000s\000:}{subsection.2.2.17}% 63
\BOOKMARK [2][-]{subsection.2.2.18}{\376\377\000b\000a\000s\000i\000c\000p\000y\000.\000s\000l\000o\000t\000\137\000o\000b\000j\000e\000c\000t\000\137\000g\000e\000t\000\040\000\050\000:\000:\000m\000l\000i\000r\000:\000:\000C\000A\000N\000C\000E\000R\000:\000:\000B\000a\000s\000i\000c\000p\000y\000:\000:\000S\000l\000o\000t\000O\000b\000j\000e\000c\000t\000G\000e\000t\000O\000p\000\051}{section.2.2}% 64
\BOOKMARK [3][-]{subsubsection*.30}{\376\377\000A\000t\000t\000r\000i\000b\000u\000t\000e\000s\000:}{subsection.2.2.18}% 65
\BOOKMARK [3][-]{subsubsection*.31}{\376\377\000O\000p\000e\000r\000a\000n\000d\000s\000:}{subsection.2.2.18}% 66
\BOOKMARK [3][-]{subsubsection*.32}{\376\377\000R\000e\000s\000u\000l\000t\000s\000:}{subsection.2.2.18}% 67
\BOOKMARK [2][-]{subsection.2.2.19}{\376\377\000b\000a\000s\000i\000c\000p\000y\000.\000s\000l\000o\000t\000\137\000o\000b\000j\000e\000c\000t\000\137\000m\000a\000k\000e\000\040\000\050\000:\000:\000m\000l\000i\000r\000:\000:\000C\000A\000N\000C\000E\000R\000:\000:\000B\000a\000s\000i\000c\000p\000y\000:\000:\000S\000l\000o\000t\000O\000b\000j\000e\000c\000t\000M\000a\000k\000e\000O\000p\000\051}{section.2.2}% 68
\BOOKMARK [3][-]{subsubsection*.33}{\376\377\000O\000p\000e\000r\000a\000n\000d\000s\000:}{subsection.2.2.19}% 69
\BOOKMARK [3][-]{subsubsection*.34}{\376\377\000R\000e\000s\000u\000l\000t\000s\000:}{subsection.2.2.19}% 70
\BOOKMARK [2][-]{subsection.2.2.20}{\376\377\000b\000a\000s\000i\000c\000p\000y\000.\000s\000t\000r\000\137\000c\000o\000n\000s\000t\000a\000n\000t\000\040\000\050\000:\000:\000m\000l\000i\000r\000:\000:\000C\000A\000N\000C\000E\000R\000:\000:\000B\000a\000s\000i\000c\000p\000y\000:\000:\000S\000t\000r\000C\000o\000n\000s\000t\000a\000n\000t\000O\000p\000\051}{section.2.2}% 71
\BOOKMARK [3][-]{subsubsection*.35}{\376\377\000A\000t\000t\000r\000i\000b\000u\000t\000e\000s\000:}{subsection.2.2.20}% 72
\BOOKMARK [3][-]{subsubsection*.36}{\376\377\000R\000e\000s\000u\000l\000t\000s\000:}{subsection.2.2.20}% 73
\BOOKMARK [2][-]{subsection.2.2.21}{\376\377\000b\000a\000s\000i\000c\000p\000y\000.\000u\000n\000k\000n\000o\000w\000n\000\137\000c\000a\000s\000t\000\040\000\050\000:\000:\000m\000l\000i\000r\000:\000:\000C\000A\000N\000C\000E\000R\000:\000:\000B\000a\000s\000i\000c\000p\000y\000:\000:\000U\000n\000k\000n\000o\000w\000n\000C\000a\000s\000t\000O\000p\000\051}{section.2.2}% 74
\BOOKMARK [3][-]{subsubsection*.37}{\376\377\000O\000p\000e\000r\000a\000n\000d\000s\000:}{subsection.2.2.21}% 75
\BOOKMARK [3][-]{subsubsection*.38}{\376\377\000R\000e\000s\000u\000l\000t\000s\000:}{subsection.2.2.21}% 76
\BOOKMARK [0][-]{chapter.3}{\376\377\000N\000u\000m\000p\000y}{}% 77
\BOOKMARK [1][-]{section.3.1}{\376\377\000N\000u\000m\000p\000y\000O\000p\000s}{chapter.3}% 78
\BOOKMARK [2][-]{subsection.3.1.1}{\376\377\000n\000u\000m\000p\000y\000.\000b\000u\000i\000l\000t\000i\000n\000\137\000u\000f\000u\000n\000c\000\137\000c\000a\000l\000l\000\040\000\050\000:\000:\000m\000l\000i\000r\000:\000:\000C\000A\000N\000C\000E\000R\000:\000:\000N\000u\000m\000p\000y\000:\000:\000B\000u\000i\000l\000t\000i\000n\000U\000f\000u\000n\000c\000C\000a\000l\000l\000O\000p\000\051}{section.3.1}% 79
\BOOKMARK [3][-]{subsubsection*.39}{\376\377\000A\000t\000t\000r\000i\000b\000u\000t\000e\000s\000:}{subsection.3.1.1}% 80
\BOOKMARK [3][-]{subsubsection*.40}{\376\377\000O\000p\000e\000r\000a\000n\000d\000s\000:}{subsection.3.1.1}% 81
\BOOKMARK [3][-]{subsubsection*.41}{\376\377\000R\000e\000s\000u\000l\000t\000s\000:}{subsection.3.1.1}% 82
\BOOKMARK [2][-]{subsection.3.1.2}{\376\377\000n\000u\000m\000p\000y\000.\000c\000o\000p\000y\000\137\000t\000o\000\137\000t\000e\000n\000s\000o\000r\000\040\000\050\000:\000:\000m\000l\000i\000r\000:\000:\000C\000A\000N\000C\000E\000R\000:\000:\000N\000u\000m\000p\000y\000:\000:\000C\000o\000p\000y\000T\000o\000T\000e\000n\000s\000o\000r\000O\000p\000\051}{section.3.1}% 83
\BOOKMARK [3][-]{subsubsection*.42}{\376\377\000O\000p\000e\000r\000a\000n\000d\000s\000:}{subsection.3.1.2}% 84
\BOOKMARK [3][-]{subsubsection*.43}{\376\377\000R\000e\000s\000u\000l\000t\000s\000:}{subsection.3.1.2}% 85
\BOOKMARK [2][-]{subsection.3.1.3}{\376\377\000n\000u\000m\000p\000y\000.\000c\000r\000e\000a\000t\000e\000\137\000a\000r\000r\000a\000y\000\137\000f\000r\000o\000m\000\137\000t\000e\000n\000s\000o\000r\000\040\000\050\000:\000:\000m\000l\000i\000r\000:\000:\000C\000A\000N\000C\000E\000R\000:\000:\000N\000u\000m\000p\000y\000:\000:\000C\000r\000e\000a\000t\000e\000A\000r\000r\000a\000y\000F\000r\000o\000m\000T\000e\000n\000s\000o\000r\000O\000p\000\051}{section.3.1}% 86
\BOOKMARK [3][-]{subsubsection*.44}{\376\377\000O\000p\000e\000r\000a\000n\000d\000s\000:}{subsection.3.1.3}% 87
\BOOKMARK [3][-]{subsubsection*.45}{\376\377\000R\000e\000s\000u\000l\000t\000s\000:}{subsection.3.1.3}% 88
\BOOKMARK [2][-]{subsection.3.1.4}{\376\377\000n\000u\000m\000p\000y\000.\000d\000o\000t\000\040\000\050\000:\000:\000m\000l\000i\000r\000:\000:\000C\000A\000N\000C\000E\000R\000:\000:\000N\000u\000m\000p\000y\000:\000:\000D\000o\000t\000O\000p\000\051}{section.3.1}% 89
\BOOKMARK [3][-]{subsubsection*.46}{\376\377\000O\000p\000e\000r\000a\000n\000d\000s\000:}{subsection.3.1.4}% 90
\BOOKMARK [3][-]{subsubsection*.47}{\376\377\000R\000e\000s\000u\000l\000t\000s\000:}{subsection.3.1.4}% 91
\BOOKMARK [2][-]{subsection.3.1.5}{\376\377\000n\000u\000m\000p\000y\000.\000g\000e\000t\000\137\000s\000l\000i\000c\000e\000\040\000\050\000:\000:\000m\000l\000i\000r\000:\000:\000C\000A\000N\000C\000E\000R\000:\000:\000N\000u\000m\000p\000y\000:\000:\000G\000e\000t\000S\000l\000i\000c\000e\000O\000p\000\051}{section.3.1}% 92
\BOOKMARK [3][-]{subsubsection*.48}{\376\377\000O\000p\000e\000r\000a\000n\000d\000s\000:}{subsection.3.1.5}% 93
\BOOKMARK [3][-]{subsubsection*.49}{\376\377\000R\000e\000s\000u\000l\000t\000s\000:}{subsection.3.1.5}% 94
\BOOKMARK [2][-]{subsection.3.1.6}{\376\377\000n\000u\000m\000p\000y\000.\000n\000a\000r\000r\000o\000w\000\040\000\050\000:\000:\000m\000l\000i\000r\000:\000:\000C\000A\000N\000C\000E\000R\000:\000:\000N\000u\000m\000p\000y\000:\000:\000N\000a\000r\000r\000o\000w\000O\000p\000\051}{section.3.1}% 95
\BOOKMARK [3][-]{subsubsection*.50}{\376\377\000O\000p\000e\000r\000a\000n\000d\000s\000:}{subsection.3.1.6}% 96
\BOOKMARK [3][-]{subsubsection*.51}{\376\377\000R\000e\000s\000u\000l\000t\000s\000:}{subsection.3.1.6}% 97
\BOOKMARK [2][-]{subsection.3.1.7}{\376\377\000n\000u\000m\000p\000y\000.\000o\000v\000e\000r\000w\000r\000i\000t\000e\000\137\000a\000r\000r\000a\000y\000\040\000\050\000:\000:\000m\000l\000i\000r\000:\000:\000C\000A\000N\000C\000E\000R\000:\000:\000N\000u\000m\000p\000y\000:\000:\000O\000v\000e\000r\000w\000r\000i\000t\000e\000A\000r\000r\000a\000y\000O\000p\000\051}{section.3.1}% 98
\BOOKMARK [3][-]{subsubsection*.52}{\376\377\000O\000p\000e\000r\000a\000n\000d\000s\000:}{subsection.3.1.7}% 99
\BOOKMARK [2][-]{subsection.3.1.8}{\376\377\000n\000u\000m\000p\000y\000.\000s\000t\000a\000t\000i\000c\000\137\000i\000n\000f\000o\000\137\000c\000a\000s\000t\000\040\000\050\000:\000:\000m\000l\000i\000r\000:\000:\000C\000A\000N\000C\000E\000R\000:\000:\000N\000u\000m\000p\000y\000:\000:\000S\000t\000a\000t\000i\000c\000I\000n\000f\000o\000C\000a\000s\000t\000O\000p\000\051}{section.3.1}% 100
\BOOKMARK [3][-]{subsubsection*.53}{\376\377\000O\000p\000e\000r\000a\000n\000d\000s\000:}{subsection.3.1.8}% 101
\BOOKMARK [3][-]{subsubsection*.54}{\376\377\000R\000e\000s\000u\000l\000t\000s\000:}{subsection.3.1.8}% 102
\BOOKMARK [2][-]{subsection.3.1.9}{\376\377\000n\000u\000m\000p\000y\000.\000t\000e\000n\000s\000o\000r\000\137\000s\000t\000a\000t\000i\000c\000\137\000i\000n\000f\000o\000\137\000c\000a\000s\000t\000\040\000\050\000:\000:\000m\000l\000i\000r\000:\000:\000C\000A\000N\000C\000E\000R\000:\000:\000N\000u\000m\000p\000y\000:\000:\000T\000e\000n\000s\000o\000r\000S\000t\000a\000t\000i\000c\000I\000n\000f\000o\000C\000a\000s\000t\000O\000p\000\051}{section.3.1}% 103
\BOOKMARK [3][-]{subsubsection*.55}{\376\377\000O\000p\000e\000r\000a\000n\000d\000s\000:}{subsection.3.1.9}% 104
\BOOKMARK [3][-]{subsubsection*.56}{\376\377\000R\000e\000s\000u\000l\000t\000s\000:}{subsection.3.1.9}% 105
\BOOKMARK [2][-]{subsection.3.1.10}{\376\377\000n\000u\000m\000p\000y\000.\000t\000r\000a\000n\000s\000p\000o\000s\000e\000\040\000\050\000:\000:\000m\000l\000i\000r\000:\000:\000C\000A\000N\000C\000E\000R\000:\000:\000N\000u\000m\000p\000y\000:\000:\000T\000r\000a\000n\000s\000p\000o\000s\000e\000O\000p\000\051}{section.3.1}% 106
\BOOKMARK [3][-]{subsubsection*.57}{\376\377\000O\000p\000e\000r\000a\000n\000d\000s\000:}{subsection.3.1.10}% 107
\BOOKMARK [3][-]{subsubsection*.58}{\376\377\000R\000e\000s\000u\000l\000t\000s\000:}{subsection.3.1.10}% 108
\BOOKMARK [1][-]{section.3.2}{\376\377\000N\000u\000m\000p\000y\000D\000i\000a\000l\000e\000c\000t}{chapter.3}% 109
\BOOKMARK [0][-]{chapter.4}{\376\377\000c\000a\000n\000c\000e\000r\000\137\000f\000r\000o\000n\000t\000e\000n\000d}{}% 110
\BOOKMARK [1][-]{section.4.1}{\376\377\000c\000a\000n\000c\000e\000r\000\137\000f\000r\000o\000n\000t\000e\000n\000d\000\040\000p\000a\000c\000k\000a\000g\000e}{chapter.4}% 111
\BOOKMARK [2][-]{subsection.4.1.1}{\376\377\000S\000u\000b\000p\000a\000c\000k\000a\000g\000e\000s}{section.4.1}% 112
\BOOKMARK [3][-]{subsubsection*.59}{\376\377\000c\000a\000n\000c\000e\000r\000\137\000f\000r\000o\000n\000t\000e\000n\000d\000.\000n\000u\000m\000p\000y\000\040\000p\000a\000c\000k\000a\000g\000e}{subsection.4.1.1}% 113
\BOOKMARK [4][-]{paragraph*.60}{\376\377\000M\000o\000d\000u\000l\000e\000\040\000c\000o\000n\000t\000e\000n\000t\000s}{subsubsection*.59}% 114
\BOOKMARK [3][-]{subsubsection*.61}{\376\377\000c\000a\000n\000c\000e\000r\000\137\000f\000r\000o\000n\000t\000e\000n\000d\000.\000p\000y\000t\000h\000o\000n\000\040\000p\000a\000c\000k\000a\000g\000e}{subsection.4.1.1}% 115
\BOOKMARK [4][-]{paragraph*.62}{\376\377\000S\000u\000b\000m\000o\000d\000u\000l\000e\000s}{subsubsection*.61}% 116
\BOOKMARK [4][-]{paragraph*.63}{\376\377\000c\000a\000n\000c\000e\000r\000\137\000f\000r\000o\000n\000t\000e\000n\000d\000.\000p\000y\000t\000h\000o\000n\000.\000p\000y\000t\000h\000o\000n\000\137\000j\000i\000t\000\137\000r\000u\000n\000n\000e\000r\000\040\000m\000o\000d\000u\000l\000e}{subsubsection*.61}% 117
\BOOKMARK [4][-]{paragraph*.69}{\376\377\000M\000o\000d\000u\000l\000e\000\040\000c\000o\000n\000t\000e\000n\000t\000s}{subsubsection*.61}% 118
\BOOKMARK [3][-]{subsubsection*.70}{\376\377\000c\000a\000n\000c\000e\000r\000\137\000f\000r\000o\000n\000t\000e\000n\000d\000.\000s\000c\000a\000f\000f\000o\000l\000d\000\040\000p\000a\000c\000k\000a\000g\000e}{subsection.4.1.1}% 119
\BOOKMARK [4][-]{paragraph*.71}{\376\377\000S\000u\000b\000p\000a\000c\000k\000a\000g\000e\000s}{subsubsection*.70}% 120
\BOOKMARK [5][-]{subparagraph*.72}{\376\377\000c\000a\000n\000c\000e\000r\000\137\000f\000r\000o\000n\000t\000e\000n\000d\000.\000s\000c\000a\000f\000f\000o\000l\000d\000.\000m\000l\000i\000r\000\137\000d\000i\000a\000l\000e\000c\000t\000s\000\040\000p\000a\000c\000k\000a\000g\000e}{paragraph*.71}% 121
\BOOKMARK [5][-]{subparagraph*.73}{\376\377\000S\000u\000b\000m\000o\000d\000u\000l\000e\000s}{paragraph*.71}% 122
\BOOKMARK [5][-]{subparagraph*.74}{\376\377\000c\000a\000n\000c\000e\000r\000\137\000f\000r\000o\000n\000t\000e\000n\000d\000.\000s\000c\000a\000f\000f\000o\000l\000d\000.\000m\000l\000i\000r\000\137\000d\000i\000a\000l\000e\000c\000t\000s\000.\000d\000i\000a\000l\000e\000c\000t\000\137\000d\000e\000m\000o\000\040\000m\000o\000d\000u\000l\000e}{paragraph*.71}% 123
\BOOKMARK [5][-]{subparagraph*.75}{\376\377\000c\000a\000n\000c\000e\000r\000\137\000f\000r\000o\000n\000t\000e\000n\000d\000.\000s\000c\000a\000f\000f\000o\000l\000d\000.\000m\000l\000i\000r\000\137\000d\000i\000a\000l\000e\000c\000t\000s\000.\000d\000i\000a\000l\000e\000c\000t\000\137\000p\000y\000n\000a\000t\000i\000v\000e\000\040\000m\000o\000d\000u\000l\000e}{paragraph*.71}% 124
\BOOKMARK [5][-]{subparagraph*.76}{\376\377\000c\000a\000n\000c\000e\000r\000\137\000f\000r\000o\000n\000t\000e\000n\000d\000.\000s\000c\000a\000f\000f\000o\000l\000d\000.\000m\000l\000i\000r\000\137\000d\000i\000a\000l\000e\000c\000t\000s\000.\000d\000i\000a\000l\000e\000c\000t\000\137\000t\000c\000f\000\040\000m\000o\000d\000u\000l\000e}{paragraph*.71}% 125
\BOOKMARK [5][-]{subparagraph*.77}{\376\377\000M\000o\000d\000u\000l\000e\000\040\000c\000o\000n\000t\000e\000n\000t\000s}{paragraph*.71}% 126
\BOOKMARK [5][-]{subparagraph*.78}{\376\377\000c\000a\000n\000c\000e\000r\000\137\000f\000r\000o\000n\000t\000e\000n\000d\000.\000s\000c\000a\000f\000f\000o\000l\000d\000.\000u\000t\000i\000l\000s\000\040\000p\000a\000c\000k\000a\000g\000e}{paragraph*.71}% 127
\BOOKMARK [5][-]{subparagraph*.79}{\376\377\000S\000u\000b\000m\000o\000d\000u\000l\000e\000s}{paragraph*.71}% 128
\BOOKMARK [5][-]{subparagraph*.80}{\376\377\000c\000a\000n\000c\000e\000r\000\137\000f\000r\000o\000n\000t\000e\000n\000d\000.\000s\000c\000a\000f\000f\000o\000l\000d\000.\000u\000t\000i\000l\000s\000.\000c\000l\000a\000s\000s\000\137\000u\000t\000i\000l\000s\000\040\000m\000o\000d\000u\000l\000e}{paragraph*.71}% 129
\BOOKMARK [5][-]{subparagraph*.83}{\376\377\000c\000a\000n\000c\000e\000r\000\137\000f\000r\000o\000n\000t\000e\000n\000d\000.\000s\000c\000a\000f\000f\000o\000l\000d\000.\000u\000t\000i\000l\000s\000.\000d\000i\000s\000p\000l\000a\000y\000\137\000u\000t\000i\000l\000\040\000m\000o\000d\000u\000l\000e}{paragraph*.71}% 130
\BOOKMARK [5][-]{subparagraph*.89}{\376\377\000c\000a\000n\000c\000e\000r\000\137\000f\000r\000o\000n\000t\000e\000n\000d\000.\000s\000c\000a\000f\000f\000o\000l\000d\000.\000u\000t\000i\000l\000s\000.\000f\000i\000l\000e\000\137\000u\000t\000i\000l\000\040\000m\000o\000d\000u\000l\000e}{paragraph*.71}% 131
\BOOKMARK [5][-]{subparagraph*.92}{\376\377\000c\000a\000n\000c\000e\000r\000\137\000f\000r\000o\000n\000t\000e\000n\000d\000.\000s\000c\000a\000f\000f\000o\000l\000d\000.\000u\000t\000i\000l\000s\000.\000i\000m\000p\000o\000r\000t\000\137\000u\000t\000i\000l\000\040\000m\000o\000d\000u\000l\000e}{paragraph*.71}% 132
\BOOKMARK [5][-]{subparagraph*.96}{\376\377\000c\000a\000n\000c\000e\000r\000\137\000f\000r\000o\000n\000t\000e\000n\000d\000.\000s\000c\000a\000f\000f\000o\000l\000d\000.\000u\000t\000i\000l\000s\000.\000j\000s\000o\000n\000\137\000p\000a\000r\000s\000e\000r\000\040\000m\000o\000d\000u\000l\000e}{paragraph*.71}% 133
\BOOKMARK [5][-]{subparagraph*.97}{\376\377\000S\000i\000m\000p\000l\000e\000\040\000J\000S\000O\000N\000\040\000P\000a\000r\000s\000e\000r}{paragraph*.71}% 134
\BOOKMARK [5][-]{subparagraph*.107}{\376\377\000c\000a\000n\000c\000e\000r\000\137\000f\000r\000o\000n\000t\000e\000n\000d\000.\000s\000c\000a\000f\000f\000o\000l\000d\000.\000u\000t\000i\000l\000s\000.\000j\000s\000o\000n\000\137\000p\000a\000r\000s\000e\000r\000\137\000t\000e\000s\000t\000\040\000m\000o\000d\000u\000l\000e}{paragraph*.71}% 135
\BOOKMARK [5][-]{subparagraph*.108}{\376\377\000M\000o\000d\000u\000l\000e\000\040\000c\000o\000n\000t\000e\000n\000t\000s}{paragraph*.71}% 136
\BOOKMARK [4][-]{paragraph*.109}{\376\377\000M\000o\000d\000u\000l\000e\000\040\000c\000o\000n\000t\000e\000n\000t\000s}{subsubsection*.70}% 137
\BOOKMARK [3][-]{subsubsection*.110}{\376\377\000c\000a\000n\000c\000e\000r\000\137\000f\000r\000o\000n\000t\000e\000n\000d\000.\000t\000o\000r\000c\000h\000\040\000p\000a\000c\000k\000a\000g\000e}{subsection.4.1.1}% 138
\BOOKMARK [4][-]{paragraph*.111}{\376\377\000M\000o\000d\000u\000l\000e\000\040\000c\000o\000n\000t\000e\000n\000t\000s}{subsubsection*.110}% 139
\BOOKMARK [2][-]{subsection.4.1.2}{\376\377\000M\000o\000d\000u\000l\000e\000\040\000c\000o\000n\000t\000e\000n\000t\000s}{section.4.1}% 140
\BOOKMARK [0][-]{section*.112}{\376\377\000P\000y\000t\000h\000o\000n\000\040\000M\000o\000d\000u\000l\000e\000\040\000I\000n\000d\000e\000x}{}% 141
\BOOKMARK [0][-]{section*.113}{\376\377\000I\000n\000d\000e\000x}{}% 142
